INFO - 2023-04-23 12:02:38 --> Session: Class initialized using 'CodeIgniter\Session\Handlers\FileHandler' driver.
INFO - 2023-04-23 12:02:48 --> Session: Class initialized using 'CodeIgniter\Session\Handlers\FileHandler' driver.
INFO - 2023-04-23 12:02:55 --> Session: Class initialized using 'CodeIgniter\Session\Handlers\FileHandler' driver.
INFO - 2023-04-23 12:59:48 --> Session: Class initialized using 'CodeIgniter\Session\Handlers\FileHandler' driver.
INFO - 2023-04-23 12:59:53 --> Session: Class initialized using 'CodeIgniter\Session\Handlers\FileHandler' driver.
INFO - 2023-04-23 12:59:57 --> Session: Class initialized using 'CodeIgniter\Session\Handlers\FileHandler' driver.
INFO - 2023-04-23 13:01:32 --> Session: Class initialized using 'CodeIgniter\Session\Handlers\FileHandler' driver.
CRITICAL - 2023-04-23 13:01:32 --> Undefined variable: toko
in APPPATH\Views\daftarPengguna\v_index.php on line 66.
 1 APPPATH\Views\daftarPengguna\v_index.php(66): CodeIgniter\Debug\Exceptions->errorHandler(8, 'Undefined variable: toko', 'C:\\xampp\\htdocs\\SIGPDA\\app\\Views\\daftarPengguna\\v_index.php', 66, [...])
 2 SYSTEMPATH\View\View.php(213): include('C:\\xampp\\htdocs\\SIGPDA\\app\\Views\\daftarPengguna\\v_index.php')
 3 SYSTEMPATH\View\View.php(216): CodeIgniter\View\View->CodeIgniter\View\{closure}()
 4 SYSTEMPATH\Common.php(1184): CodeIgniter\View\View->render('daftarPengguna/v_index', [], true)
 5 APPPATH\Views\v_template_back_end.php(250): view('daftarPengguna/v_index')
 6 SYSTEMPATH\View\View.php(213): include('C:\\xampp\\htdocs\\SIGPDA\\app\\Views\\v_template_back_end.php')
 7 SYSTEMPATH\View\View.php(216): CodeIgniter\View\View->CodeIgniter\View\{closure}()
 8 SYSTEMPATH\Common.php(1184): CodeIgniter\View\View->render('v_template_back_end', [], true)
 9 APPPATH\Controllers\DaftarPengguna.php(16): view('v_template_back_end', [...])
10 SYSTEMPATH\CodeIgniter.php(934): App\Controllers\DaftarPengguna->index()
11 SYSTEMPATH\CodeIgniter.php(499): CodeIgniter\CodeIgniter->runController(Object(App\Controllers\DaftarPengguna))
12 SYSTEMPATH\CodeIgniter.php(368): CodeIgniter\CodeIgniter->handleRequest(null, Object(Config\Cache), false)
13 FCPATH\index.php(67): CodeIgniter\CodeIgniter->run()
INFO - 2023-04-23 13:03:27 --> Session: Class initialized using 'CodeIgniter\Session\Handlers\FileHandler' driver.
CRITICAL - 2023-04-23 13:03:27 --> Undefined variable: toko
in APPPATH\Views\daftarPengguna\v_index.php on line 66.
 1 APPPATH\Views\daftarPengguna\v_index.php(66): CodeIgniter\Debug\Exceptions->errorHandler(8, 'Undefined variable: toko', 'C:\\xampp\\htdocs\\SIGPDA\\app\\Views\\daftarPengguna\\v_index.php', 66, [...])
 2 SYSTEMPATH\View\View.php(213): include('C:\\xampp\\htdocs\\SIGPDA\\app\\Views\\daftarPengguna\\v_index.php')
 3 SYSTEMPATH\View\View.php(216): CodeIgniter\View\View->CodeIgniter\View\{closure}()
 4 SYSTEMPATH\Common.php(1184): CodeIgniter\View\View->render('daftarPengguna/v_index', [], true)
 5 APPPATH\Views\v_template_back_end.php(250): view('daftarPengguna/v_index')
 6 SYSTEMPATH\View\View.php(213): include('C:\\xampp\\htdocs\\SIGPDA\\app\\Views\\v_template_back_end.php')
 7 SYSTEMPATH\View\View.php(216): CodeIgniter\View\View->CodeIgniter\View\{closure}()
 8 SYSTEMPATH\Common.php(1184): CodeIgniter\View\View->render('v_template_back_end', [], true)
 9 APPPATH\Controllers\DaftarPengguna.php(16): view('v_template_back_end', [...])
10 SYSTEMPATH\CodeIgniter.php(934): App\Controllers\DaftarPengguna->index()
11 SYSTEMPATH\CodeIgniter.php(499): CodeIgniter\CodeIgniter->runController(Object(App\Controllers\DaftarPengguna))
12 SYSTEMPATH\CodeIgniter.php(368): CodeIgniter\CodeIgniter->handleRequest(null, Object(Config\Cache), false)
13 FCPATH\index.php(67): CodeIgniter\CodeIgniter->run()
INFO - 2023-04-23 13:03:49 --> Session: Class initialized using 'CodeIgniter\Session\Handlers\FileHandler' driver.
CRITICAL - 2023-04-23 13:03:49 --> Undefined variable: no
in APPPATH\Views\daftarPengguna\v_index.php on line 66.
 1 APPPATH\Views\daftarPengguna\v_index.php(66): CodeIgniter\Debug\Exceptions->errorHandler(8, 'Undefined variable: no', 'C:\\xampp\\htdocs\\SIGPDA\\app\\Views\\daftarPengguna\\v_index.php', 66, [...])
 2 SYSTEMPATH\View\View.php(213): include('C:\\xampp\\htdocs\\SIGPDA\\app\\Views\\daftarPengguna\\v_index.php')
 3 SYSTEMPATH\View\View.php(216): CodeIgniter\View\View->CodeIgniter\View\{closure}()
 4 SYSTEMPATH\Common.php(1184): CodeIgniter\View\View->render('daftarPengguna/v_index', [], true)
 5 APPPATH\Views\v_template_back_end.php(250): view('daftarPengguna/v_index')
 6 SYSTEMPATH\View\View.php(213): include('C:\\xampp\\htdocs\\SIGPDA\\app\\Views\\v_template_back_end.php')
 7 SYSTEMPATH\View\View.php(216): CodeIgniter\View\View->CodeIgniter\View\{closure}()
 8 SYSTEMPATH\Common.php(1184): CodeIgniter\View\View->render('v_template_back_end', [], true)
 9 APPPATH\Controllers\DaftarPengguna.php(16): view('v_template_back_end', [...])
10 SYSTEMPATH\CodeIgniter.php(934): App\Controllers\DaftarPengguna->index()
11 SYSTEMPATH\CodeIgniter.php(499): CodeIgniter\CodeIgniter->runController(Object(App\Controllers\DaftarPengguna))
12 SYSTEMPATH\CodeIgniter.php(368): CodeIgniter\CodeIgniter->handleRequest(null, Object(Config\Cache), false)
13 FCPATH\index.php(67): CodeIgniter\CodeIgniter->run()
INFO - 2023-04-23 13:04:21 --> Session: Class initialized using 'CodeIgniter\Session\Handlers\FileHandler' driver.
CRITICAL - 2023-04-23 13:04:21 --> Undefined variable: no
in APPPATH\Views\daftarPengguna\v_index.php on line 66.
 1 APPPATH\Views\daftarPengguna\v_index.php(66): CodeIgniter\Debug\Exceptions->errorHandler(8, 'Undefined variable: no', 'C:\\xampp\\htdocs\\SIGPDA\\app\\Views\\daftarPengguna\\v_index.php', 66, [...])
 2 SYSTEMPATH\View\View.php(213): include('C:\\xampp\\htdocs\\SIGPDA\\app\\Views\\daftarPengguna\\v_index.php')
 3 SYSTEMPATH\View\View.php(216): CodeIgniter\View\View->CodeIgniter\View\{closure}()
 4 SYSTEMPATH\Common.php(1184): CodeIgniter\View\View->render('daftarPengguna/v_index', [], true)
 5 APPPATH\Views\v_template_back_end.php(250): view('daftarPengguna/v_index')
 6 SYSTEMPATH\View\View.php(213): include('C:\\xampp\\htdocs\\SIGPDA\\app\\Views\\v_template_back_end.php')
 7 SYSTEMPATH\View\View.php(216): CodeIgniter\View\View->CodeIgniter\View\{closure}()
 8 SYSTEMPATH\Common.php(1184): CodeIgniter\View\View->render('v_template_back_end', [], true)
 9 APPPATH\Controllers\DaftarPengguna.php(16): view('v_template_back_end', [...])
10 SYSTEMPATH\CodeIgniter.php(934): App\Controllers\DaftarPengguna->index()
11 SYSTEMPATH\CodeIgniter.php(499): CodeIgniter\CodeIgniter->runController(Object(App\Controllers\DaftarPengguna))
12 SYSTEMPATH\CodeIgniter.php(368): CodeIgniter\CodeIgniter->handleRequest(null, Object(Config\Cache), false)
13 FCPATH\index.php(67): CodeIgniter\CodeIgniter->run()
INFO - 2023-04-23 13:04:32 --> Session: Class initialized using 'CodeIgniter\Session\Handlers\FileHandler' driver.
CRITICAL - 2023-04-23 13:04:32 --> Undefined variable: web
in APPPATH\Views\daftarPengguna\v_index.php on line 107.
 1 APPPATH\Views\daftarPengguna\v_index.php(107): CodeIgniter\Debug\Exceptions->errorHandler(8, 'Undefined variable: web', 'C:\\xampp\\htdocs\\SIGPDA\\app\\Views\\daftarPengguna\\v_index.php', 107, [...])
 2 SYSTEMPATH\View\View.php(213): include('C:\\xampp\\htdocs\\SIGPDA\\app\\Views\\daftarPengguna\\v_index.php')
 3 SYSTEMPATH\View\View.php(216): CodeIgniter\View\View->CodeIgniter\View\{closure}()
 4 SYSTEMPATH\Common.php(1184): CodeIgniter\View\View->render('daftarPengguna/v_index', [], true)
 5 APPPATH\Views\v_template_back_end.php(250): view('daftarPengguna/v_index')
 6 SYSTEMPATH\View\View.php(213): include('C:\\xampp\\htdocs\\SIGPDA\\app\\Views\\v_template_back_end.php')
 7 SYSTEMPATH\View\View.php(216): CodeIgniter\View\View->CodeIgniter\View\{closure}()
 8 SYSTEMPATH\Common.php(1184): CodeIgniter\View\View->render('v_template_back_end', [], true)
 9 APPPATH\Controllers\DaftarPengguna.php(16): view('v_template_back_end', [...])
10 SYSTEMPATH\CodeIgniter.php(934): App\Controllers\DaftarPengguna->index()
11 SYSTEMPATH\CodeIgniter.php(499): CodeIgniter\CodeIgniter->runController(Object(App\Controllers\DaftarPengguna))
12 SYSTEMPATH\CodeIgniter.php(368): CodeIgniter\CodeIgniter->handleRequest(null, Object(Config\Cache), false)
13 FCPATH\index.php(67): CodeIgniter\CodeIgniter->run()
INFO - 2023-04-23 13:05:41 --> Session: Class initialized using 'CodeIgniter\Session\Handlers\FileHandler' driver.
CRITICAL - 2023-04-23 13:05:41 --> Undefined variable: wilayah
in APPPATH\Views\daftarPengguna\v_index.php on line 120.
 1 APPPATH\Views\daftarPengguna\v_index.php(120): CodeIgniter\Debug\Exceptions->errorHandler(8, 'Undefined variable: wilayah', 'C:\\xampp\\htdocs\\SIGPDA\\app\\Views\\daftarPengguna\\v_index.php', 120, [...])
 2 SYSTEMPATH\View\View.php(213): include('C:\\xampp\\htdocs\\SIGPDA\\app\\Views\\daftarPengguna\\v_index.php')
 3 SYSTEMPATH\View\View.php(216): CodeIgniter\View\View->CodeIgniter\View\{closure}()
 4 SYSTEMPATH\Common.php(1184): CodeIgniter\View\View->render('daftarPengguna/v_index', [], true)
 5 APPPATH\Views\v_template_back_end.php(250): view('daftarPengguna/v_index')
 6 SYSTEMPATH\View\View.php(213): include('C:\\xampp\\htdocs\\SIGPDA\\app\\Views\\v_template_back_end.php')
 7 SYSTEMPATH\View\View.php(216): CodeIgniter\View\View->CodeIgniter\View\{closure}()
 8 SYSTEMPATH\Common.php(1184): CodeIgniter\View\View->render('v_template_back_end', [], true)
 9 APPPATH\Controllers\DaftarPengguna.php(16): view('v_template_back_end', [...])
10 SYSTEMPATH\CodeIgniter.php(934): App\Controllers\DaftarPengguna->index()
11 SYSTEMPATH\CodeIgniter.php(499): CodeIgniter\CodeIgniter->runController(Object(App\Controllers\DaftarPengguna))
12 SYSTEMPATH\CodeIgniter.php(368): CodeIgniter\CodeIgniter->handleRequest(null, Object(Config\Cache), false)
13 FCPATH\index.php(67): CodeIgniter\CodeIgniter->run()
CRITICAL - 2023-04-23 13:06:02 --> syntax error, unexpected ')'
in APPPATH\Views\daftarPengguna\v_index.php on line 120.
 1 SYSTEMPATH\View\View.php(216): CodeIgniter\View\View->CodeIgniter\View\{closure}()
 2 SYSTEMPATH\Common.php(1184): CodeIgniter\View\View->render('daftarPengguna/v_index', [], true)
 3 APPPATH\Views\v_template_back_end.php(250): view('daftarPengguna/v_index')
 4 SYSTEMPATH\View\View.php(213): include('C:\\xampp\\htdocs\\SIGPDA\\app\\Views\\v_template_back_end.php')
 5 SYSTEMPATH\View\View.php(216): CodeIgniter\View\View->CodeIgniter\View\{closure}()
 6 SYSTEMPATH\Common.php(1184): CodeIgniter\View\View->render('v_template_back_end', [], true)
 7 APPPATH\Controllers\DaftarPengguna.php(16): view('v_template_back_end', [...])
 8 SYSTEMPATH\CodeIgniter.php(934): App\Controllers\DaftarPengguna->index()
 9 SYSTEMPATH\CodeIgniter.php(499): CodeIgniter\CodeIgniter->runController(Object(App\Controllers\DaftarPengguna))
10 SYSTEMPATH\CodeIgniter.php(368): CodeIgniter\CodeIgniter->handleRequest(null, Object(Config\Cache), false)
11 FCPATH\index.php(67): CodeIgniter\CodeIgniter->run()
INFO - 2023-04-23 13:06:21 --> Session: Class initialized using 'CodeIgniter\Session\Handlers\FileHandler' driver.
INFO - 2023-04-23 13:06:43 --> Session: Class initialized using 'CodeIgniter\Session\Handlers\FileHandler' driver.
INFO - 2023-04-23 13:13:33 --> Session: Class initialized using 'CodeIgniter\Session\Handlers\FileHandler' driver.
INFO - 2023-04-23 13:18:31 --> Session: Class initialized using 'CodeIgniter\Session\Handlers\FileHandler' driver.
CRITICAL - 2023-04-23 13:20:01 --> Invalid file: "daftarPengguna/v_tambah.php"
in SYSTEMPATH\Exceptions\FrameworkException.php on line 33.
 1 SYSTEMPATH\View\View.php(201): CodeIgniter\Exceptions\FrameworkException::forInvalidFile('daftarPengguna/v_tambah.php')
 2 SYSTEMPATH\Common.php(1184): CodeIgniter\View\View->render('daftarPengguna/v_tambah', [], true)
 3 APPPATH\Views\v_template_back_end.php(250): view('daftarPengguna/v_tambah')
 4 SYSTEMPATH\View\View.php(213): include('C:\\xampp\\htdocs\\SIGPDA\\app\\Views\\v_template_back_end.php')
 5 SYSTEMPATH\View\View.php(216): CodeIgniter\View\View->CodeIgniter\View\{closure}()
 6 SYSTEMPATH\Common.php(1184): CodeIgniter\View\View->render('v_template_back_end', [], true)
 7 APPPATH\Controllers\DaftarPengguna.php(32): view('v_template_back_end', [...])
 8 SYSTEMPATH\CodeIgniter.php(934): App\Controllers\DaftarPengguna->Tambah()
 9 SYSTEMPATH\CodeIgniter.php(499): CodeIgniter\CodeIgniter->runController(Object(App\Controllers\DaftarPengguna))
10 SYSTEMPATH\CodeIgniter.php(368): CodeIgniter\CodeIgniter->handleRequest(null, Object(Config\Cache), false)
11 FCPATH\index.php(67): CodeIgniter\CodeIgniter->run()
INFO - 2023-04-23 13:20:38 --> Session: Class initialized using 'CodeIgniter\Session\Handlers\FileHandler' driver.
INFO - 2023-04-23 13:23:51 --> Session: Class initialized using 'CodeIgniter\Session\Handlers\FileHandler' driver.
INFO - 2023-04-23 13:25:00 --> Session: Class initialized using 'CodeIgniter\Session\Handlers\FileHandler' driver.
INFO - 2023-04-23 13:25:53 --> Session: Class initialized using 'CodeIgniter\Session\Handlers\FileHandler' driver.
INFO - 2023-04-23 13:26:23 --> Session: Class initialized using 'CodeIgniter\Session\Handlers\FileHandler' driver.
INFO - 2023-04-23 13:28:48 --> Session: Class initialized using 'CodeIgniter\Session\Handlers\FileHandler' driver.
CRITICAL - 2023-04-23 13:28:48 --> Undefined index: name_role
in APPPATH\Views\daftarPengguna\v_index.php on line 72.
 1 APPPATH\Views\daftarPengguna\v_index.php(72): CodeIgniter\Debug\Exceptions->errorHandler(8, 'Undefined index: name_role', 'C:\\xampp\\htdocs\\SIGPDA\\app\\Views\\daftarPengguna\\v_index.php', 72, [...])
 2 SYSTEMPATH\View\View.php(213): include('C:\\xampp\\htdocs\\SIGPDA\\app\\Views\\daftarPengguna\\v_index.php')
 3 SYSTEMPATH\View\View.php(216): CodeIgniter\View\View->CodeIgniter\View\{closure}()
 4 SYSTEMPATH\Common.php(1184): CodeIgniter\View\View->render('daftarPengguna/v_index', [], true)
 5 APPPATH\Views\v_template_back_end.php(250): view('daftarPengguna/v_index')
 6 SYSTEMPATH\View\View.php(213): include('C:\\xampp\\htdocs\\SIGPDA\\app\\Views\\v_template_back_end.php')
 7 SYSTEMPATH\View\View.php(216): CodeIgniter\View\View->CodeIgniter\View\{closure}()
 8 SYSTEMPATH\Common.php(1184): CodeIgniter\View\View->render('v_template_back_end', [], true)
 9 APPPATH\Controllers\DaftarPengguna.php(23): view('v_template_back_end', [...])
10 SYSTEMPATH\CodeIgniter.php(934): App\Controllers\DaftarPengguna->index()
11 SYSTEMPATH\CodeIgniter.php(499): CodeIgniter\CodeIgniter->runController(Object(App\Controllers\DaftarPengguna))
12 SYSTEMPATH\CodeIgniter.php(368): CodeIgniter\CodeIgniter->handleRequest(null, Object(Config\Cache), false)
13 FCPATH\index.php(67): CodeIgniter\CodeIgniter->run()
INFO - 2023-04-23 13:30:41 --> Session: Class initialized using 'CodeIgniter\Session\Handlers\FileHandler' driver.
CRITICAL - 2023-04-23 13:30:41 --> Undefined index: name_role
in APPPATH\Views\daftarPengguna\v_index.php on line 72.
 1 APPPATH\Views\daftarPengguna\v_index.php(72): CodeIgniter\Debug\Exceptions->errorHandler(8, 'Undefined index: name_role', 'C:\\xampp\\htdocs\\SIGPDA\\app\\Views\\daftarPengguna\\v_index.php', 72, [...])
 2 SYSTEMPATH\View\View.php(213): include('C:\\xampp\\htdocs\\SIGPDA\\app\\Views\\daftarPengguna\\v_index.php')
 3 SYSTEMPATH\View\View.php(216): CodeIgniter\View\View->CodeIgniter\View\{closure}()
 4 SYSTEMPATH\Common.php(1184): CodeIgniter\View\View->render('daftarPengguna/v_index', [], true)
 5 APPPATH\Views\v_template_back_end.php(250): view('daftarPengguna/v_index')
 6 SYSTEMPATH\View\View.php(213): include('C:\\xampp\\htdocs\\SIGPDA\\app\\Views\\v_template_back_end.php')
 7 SYSTEMPATH\View\View.php(216): CodeIgniter\View\View->CodeIgniter\View\{closure}()
 8 SYSTEMPATH\Common.php(1184): CodeIgniter\View\View->render('v_template_back_end', [], true)
 9 APPPATH\Controllers\DaftarPengguna.php(23): view('v_template_back_end', [...])
10 SYSTEMPATH\CodeIgniter.php(934): App\Controllers\DaftarPengguna->index()
11 SYSTEMPATH\CodeIgniter.php(499): CodeIgniter\CodeIgniter->runController(Object(App\Controllers\DaftarPengguna))
12 SYSTEMPATH\CodeIgniter.php(368): CodeIgniter\CodeIgniter->handleRequest(null, Object(Config\Cache), false)
13 FCPATH\index.php(67): CodeIgniter\CodeIgniter->run()
INFO - 2023-04-23 13:30:44 --> Session: Class initialized using 'CodeIgniter\Session\Handlers\FileHandler' driver.
CRITICAL - 2023-04-23 13:30:44 --> Undefined index: name_role
in APPPATH\Views\daftarPengguna\v_index.php on line 72.
 1 APPPATH\Views\daftarPengguna\v_index.php(72): CodeIgniter\Debug\Exceptions->errorHandler(8, 'Undefined index: name_role', 'C:\\xampp\\htdocs\\SIGPDA\\app\\Views\\daftarPengguna\\v_index.php', 72, [...])
 2 SYSTEMPATH\View\View.php(213): include('C:\\xampp\\htdocs\\SIGPDA\\app\\Views\\daftarPengguna\\v_index.php')
 3 SYSTEMPATH\View\View.php(216): CodeIgniter\View\View->CodeIgniter\View\{closure}()
 4 SYSTEMPATH\Common.php(1184): CodeIgniter\View\View->render('daftarPengguna/v_index', [], true)
 5 APPPATH\Views\v_template_back_end.php(250): view('daftarPengguna/v_index')
 6 SYSTEMPATH\View\View.php(213): include('C:\\xampp\\htdocs\\SIGPDA\\app\\Views\\v_template_back_end.php')
 7 SYSTEMPATH\View\View.php(216): CodeIgniter\View\View->CodeIgniter\View\{closure}()
 8 SYSTEMPATH\Common.php(1184): CodeIgniter\View\View->render('v_template_back_end', [], true)
 9 APPPATH\Controllers\DaftarPengguna.php(23): view('v_template_back_end', [...])
10 SYSTEMPATH\CodeIgniter.php(934): App\Controllers\DaftarPengguna->index()
11 SYSTEMPATH\CodeIgniter.php(499): CodeIgniter\CodeIgniter->runController(Object(App\Controllers\DaftarPengguna))
12 SYSTEMPATH\CodeIgniter.php(368): CodeIgniter\CodeIgniter->handleRequest(null, Object(Config\Cache), false)
13 FCPATH\index.php(67): CodeIgniter\CodeIgniter->run()
INFO - 2023-04-23 13:32:51 --> Session: Class initialized using 'CodeIgniter\Session\Handlers\FileHandler' driver.
INFO - 2023-04-23 13:33:36 --> Session: Class initialized using 'CodeIgniter\Session\Handlers\FileHandler' driver.
INFO - 2023-04-23 14:24:20 --> Session: Class initialized using 'CodeIgniter\Session\Handlers\FileHandler' driver.
INFO - 2023-04-23 14:24:23 --> Session: Class initialized using 'CodeIgniter\Session\Handlers\FileHandler' driver.
INFO - 2023-04-23 14:24:28 --> Session: Class initialized using 'CodeIgniter\Session\Handlers\FileHandler' driver.
INFO - 2023-04-23 14:24:36 --> Session: Class initialized using 'CodeIgniter\Session\Handlers\FileHandler' driver.
INFO - 2023-04-23 15:23:09 --> Session: Class initialized using 'CodeIgniter\Session\Handlers\FileHandler' driver.
INFO - 2023-04-23 15:23:12 --> Session: Class initialized using 'CodeIgniter\Session\Handlers\FileHandler' driver.
INFO - 2023-04-23 15:23:17 --> Session: Class initialized using 'CodeIgniter\Session\Handlers\FileHandler' driver.
INFO - 2023-04-23 15:23:20 --> Session: Class initialized using 'CodeIgniter\Session\Handlers\FileHandler' driver.
INFO - 2023-04-23 15:23:40 --> Session: Class initialized using 'CodeIgniter\Session\Handlers\FileHandler' driver.
INFO - 2023-04-23 15:25:31 --> Session: Class initialized using 'CodeIgniter\Session\Handlers\FileHandler' driver.
INFO - 2023-04-23 15:27:09 --> Session: Class initialized using 'CodeIgniter\Session\Handlers\FileHandler' driver.
INFO - 2023-04-23 15:27:12 --> Session: Class initialized using 'CodeIgniter\Session\Handlers\FileHandler' driver.
CRITICAL - 2023-04-23 15:27:12 --> Undefined variable: provinsi
in APPPATH\Views\daftarPengguna\v_tambah.php on line 57.
 1 APPPATH\Views\daftarPengguna\v_tambah.php(57): CodeIgniter\Debug\Exceptions->errorHandler(8, 'Undefined variable: provinsi', 'C:\\xampp\\htdocs\\SIGPDA\\app\\Views\\daftarPengguna\\v_tambah.php', 57, [...])
 2 SYSTEMPATH\View\View.php(213): include('C:\\xampp\\htdocs\\SIGPDA\\app\\Views\\daftarPengguna\\v_tambah.php')
 3 SYSTEMPATH\View\View.php(216): CodeIgniter\View\View->CodeIgniter\View\{closure}()
 4 SYSTEMPATH\Common.php(1184): CodeIgniter\View\View->render('daftarPengguna/v_tambah', [], true)
 5 APPPATH\Views\v_template_back_end.php(250): view('daftarPengguna/v_tambah')
 6 SYSTEMPATH\View\View.php(213): include('C:\\xampp\\htdocs\\SIGPDA\\app\\Views\\v_template_back_end.php')
 7 SYSTEMPATH\View\View.php(216): CodeIgniter\View\View->CodeIgniter\View\{closure}()
 8 SYSTEMPATH\Common.php(1184): CodeIgniter\View\View->render('v_template_back_end', [], true)
 9 APPPATH\Controllers\DaftarPengguna.php(33): view('v_template_back_end', [...])
10 SYSTEMPATH\CodeIgniter.php(934): App\Controllers\DaftarPengguna->Tambah()
11 SYSTEMPATH\CodeIgniter.php(499): CodeIgniter\CodeIgniter->runController(Object(App\Controllers\DaftarPengguna))
12 SYSTEMPATH\CodeIgniter.php(368): CodeIgniter\CodeIgniter->handleRequest(null, Object(Config\Cache), false)
13 FCPATH\index.php(67): CodeIgniter\CodeIgniter->run()
INFO - 2023-04-23 15:27:25 --> Session: Class initialized using 'CodeIgniter\Session\Handlers\FileHandler' driver.
INFO - 2023-04-23 15:32:39 --> Session: Class initialized using 'CodeIgniter\Session\Handlers\FileHandler' driver.
CRITICAL - 2023-04-23 15:32:39 --> Undefined variable: provinsi
in APPPATH\Views\daftarPengguna\v_tambah.php on line 57.
 1 APPPATH\Views\daftarPengguna\v_tambah.php(57): CodeIgniter\Debug\Exceptions->errorHandler(8, 'Undefined variable: provinsi', 'C:\\xampp\\htdocs\\SIGPDA\\app\\Views\\daftarPengguna\\v_tambah.php', 57, [...])
 2 SYSTEMPATH\View\View.php(213): include('C:\\xampp\\htdocs\\SIGPDA\\app\\Views\\daftarPengguna\\v_tambah.php')
 3 SYSTEMPATH\View\View.php(216): CodeIgniter\View\View->CodeIgniter\View\{closure}()
 4 SYSTEMPATH\Common.php(1184): CodeIgniter\View\View->render('daftarPengguna/v_tambah', [], true)
 5 APPPATH\Views\v_template_back_end.php(250): view('daftarPengguna/v_tambah')
 6 SYSTEMPATH\View\View.php(213): include('C:\\xampp\\htdocs\\SIGPDA\\app\\Views\\v_template_back_end.php')
 7 SYSTEMPATH\View\View.php(216): CodeIgniter\View\View->CodeIgniter\View\{closure}()
 8 SYSTEMPATH\Common.php(1184): CodeIgniter\View\View->render('v_template_back_end', [], true)
 9 APPPATH\Controllers\DaftarPengguna.php(33): view('v_template_back_end', [...])
10 SYSTEMPATH\CodeIgniter.php(934): App\Controllers\DaftarPengguna->Tambah()
11 SYSTEMPATH\CodeIgniter.php(499): CodeIgniter\CodeIgniter->runController(Object(App\Controllers\DaftarPengguna))
12 SYSTEMPATH\CodeIgniter.php(368): CodeIgniter\CodeIgniter->handleRequest(null, Object(Config\Cache), false)
13 FCPATH\index.php(67): CodeIgniter\CodeIgniter->run()
INFO - 2023-04-23 15:32:43 --> Session: Class initialized using 'CodeIgniter\Session\Handlers\FileHandler' driver.
INFO - 2023-04-23 15:49:15 --> Session: Class initialized using 'CodeIgniter\Session\Handlers\FileHandler' driver.
CRITICAL - 2023-04-23 15:49:15 --> Undefined index: nama_role
in APPPATH\Views\daftarPengguna\v_tambah.php on line 51.
 1 APPPATH\Views\daftarPengguna\v_tambah.php(51): CodeIgniter\Debug\Exceptions->errorHandler(8, 'Undefined index: nama_role', 'C:\\xampp\\htdocs\\SIGPDA\\app\\Views\\daftarPengguna\\v_tambah.php', 51, [...])
 2 SYSTEMPATH\View\View.php(213): include('C:\\xampp\\htdocs\\SIGPDA\\app\\Views\\daftarPengguna\\v_tambah.php')
 3 SYSTEMPATH\View\View.php(216): CodeIgniter\View\View->CodeIgniter\View\{closure}()
 4 SYSTEMPATH\Common.php(1184): CodeIgniter\View\View->render('daftarPengguna/v_tambah', [], true)
 5 APPPATH\Views\v_template_back_end.php(250): view('daftarPengguna/v_tambah')
 6 SYSTEMPATH\View\View.php(213): include('C:\\xampp\\htdocs\\SIGPDA\\app\\Views\\v_template_back_end.php')
 7 SYSTEMPATH\View\View.php(216): CodeIgniter\View\View->CodeIgniter\View\{closure}()
 8 SYSTEMPATH\Common.php(1184): CodeIgniter\View\View->render('v_template_back_end', [], true)
 9 APPPATH\Controllers\DaftarPengguna.php(35): view('v_template_back_end', [...])
10 SYSTEMPATH\CodeIgniter.php(934): App\Controllers\DaftarPengguna->Tambah()
11 SYSTEMPATH\CodeIgniter.php(499): CodeIgniter\CodeIgniter->runController(Object(App\Controllers\DaftarPengguna))
12 SYSTEMPATH\CodeIgniter.php(368): CodeIgniter\CodeIgniter->handleRequest(null, Object(Config\Cache), false)
13 FCPATH\index.php(67): CodeIgniter\CodeIgniter->run()
INFO - 2023-04-23 15:51:34 --> Session: Class initialized using 'CodeIgniter\Session\Handlers\FileHandler' driver.
INFO - 2023-04-23 15:53:12 --> Session: Class initialized using 'CodeIgniter\Session\Handlers\FileHandler' driver.
INFO - 2023-04-23 15:53:21 --> Session: Class initialized using 'CodeIgniter\Session\Handlers\FileHandler' driver.
INFO - 2023-04-23 15:53:42 --> Session: Class initialized using 'CodeIgniter\Session\Handlers\FileHandler' driver.
CRITICAL - 2023-04-23 16:02:24 --> Too few arguments to function App\Models\ModelToko::allKecamatan(), 0 passed in C:\xampp\htdocs\SIGPDA\app\Controllers\PetaLokasi.php on line 27 and exactly 1 expected
in APPPATH\Models\ModelToko.php on line 23.
 1 APPPATH\Controllers\PetaLokasi.php(27): App\Models\ModelToko->allKecamatan()
 2 SYSTEMPATH\CodeIgniter.php(934): App\Controllers\PetaLokasi->index()
 3 SYSTEMPATH\CodeIgniter.php(499): CodeIgniter\CodeIgniter->runController(Object(App\Controllers\PetaLokasi))
 4 SYSTEMPATH\CodeIgniter.php(368): CodeIgniter\CodeIgniter->handleRequest(null, Object(Config\Cache), false)
 5 FCPATH\index.php(67): CodeIgniter\CodeIgniter->run()
CRITICAL - 2023-04-23 16:03:49 --> Too few arguments to function App\Models\ModelToko::allKecamatan(), 0 passed in C:\xampp\htdocs\SIGPDA\app\Controllers\PetaLokasi.php on line 27 and exactly 1 expected
in APPPATH\Models\ModelToko.php on line 23.
 1 APPPATH\Controllers\PetaLokasi.php(27): App\Models\ModelToko->allKecamatan()
 2 SYSTEMPATH\CodeIgniter.php(934): App\Controllers\PetaLokasi->index()
 3 SYSTEMPATH\CodeIgniter.php(499): CodeIgniter\CodeIgniter->runController(Object(App\Controllers\PetaLokasi))
 4 SYSTEMPATH\CodeIgniter.php(368): CodeIgniter\CodeIgniter->handleRequest(null, Object(Config\Cache), false)
 5 FCPATH\index.php(67): CodeIgniter\CodeIgniter->run()
CRITICAL - 2023-04-23 16:04:16 --> Too few arguments to function App\Models\ModelToko::allKecamatan(), 0 passed in C:\xampp\htdocs\SIGPDA\app\Controllers\PetaLokasi.php on line 27 and exactly 1 expected
in APPPATH\Models\ModelToko.php on line 23.
 1 APPPATH\Controllers\PetaLokasi.php(27): App\Models\ModelToko->allKecamatan()
 2 SYSTEMPATH\CodeIgniter.php(934): App\Controllers\PetaLokasi->index()
 3 SYSTEMPATH\CodeIgniter.php(499): CodeIgniter\CodeIgniter->runController(Object(App\Controllers\PetaLokasi))
 4 SYSTEMPATH\CodeIgniter.php(368): CodeIgniter\CodeIgniter->handleRequest(null, Object(Config\Cache), false)
 5 FCPATH\index.php(67): CodeIgniter\CodeIgniter->run()
CRITICAL - 2023-04-23 16:04:18 --> Too few arguments to function App\Models\ModelToko::allKecamatan(), 0 passed in C:\xampp\htdocs\SIGPDA\app\Controllers\PetaLokasi.php on line 27 and exactly 1 expected
in APPPATH\Models\ModelToko.php on line 23.
 1 APPPATH\Controllers\PetaLokasi.php(27): App\Models\ModelToko->allKecamatan()
 2 SYSTEMPATH\CodeIgniter.php(934): App\Controllers\PetaLokasi->index()
 3 SYSTEMPATH\CodeIgniter.php(499): CodeIgniter\CodeIgniter->runController(Object(App\Controllers\PetaLokasi))
 4 SYSTEMPATH\CodeIgniter.php(368): CodeIgniter\CodeIgniter->handleRequest(null, Object(Config\Cache), false)
 5 FCPATH\index.php(67): CodeIgniter\CodeIgniter->run()
INFO - 2023-04-23 16:04:44 --> Session: Class initialized using 'CodeIgniter\Session\Handlers\FileHandler' driver.
INFO - 2023-04-23 16:04:50 --> Session: Class initialized using 'CodeIgniter\Session\Handlers\FileHandler' driver.
INFO - 2023-04-23 16:05:21 --> Session: Class initialized using 'CodeIgniter\Session\Handlers\FileHandler' driver.
INFO - 2023-04-23 16:10:15 --> Session: Class initialized using 'CodeIgniter\Session\Handlers\FileHandler' driver.
INFO - 2023-04-23 16:10:47 --> Session: Class initialized using 'CodeIgniter\Session\Handlers\FileHandler' driver.
INFO - 2023-04-23 16:11:44 --> Session: Class initialized using 'CodeIgniter\Session\Handlers\FileHandler' driver.
INFO - 2023-04-23 16:11:57 --> Session: Class initialized using 'CodeIgniter\Session\Handlers\FileHandler' driver.
INFO - 2023-04-23 16:12:09 --> Session: Class initialized using 'CodeIgniter\Session\Handlers\FileHandler' driver.
INFO - 2023-04-23 16:12:17 --> Session: Class initialized using 'CodeIgniter\Session\Handlers\FileHandler' driver.
INFO - 2023-04-23 16:12:53 --> Session: Class initialized using 'CodeIgniter\Session\Handlers\FileHandler' driver.
INFO - 2023-04-23 16:14:16 --> Session: Class initialized using 'CodeIgniter\Session\Handlers\FileHandler' driver.
INFO - 2023-04-23 16:15:31 --> Session: Class initialized using 'CodeIgniter\Session\Handlers\FileHandler' driver.
INFO - 2023-04-23 16:15:48 --> Session: Class initialized using 'CodeIgniter\Session\Handlers\FileHandler' driver.
INFO - 2023-04-23 16:16:18 --> Session: Class initialized using 'CodeIgniter\Session\Handlers\FileHandler' driver.
INFO - 2023-04-23 16:17:17 --> Session: Class initialized using 'CodeIgniter\Session\Handlers\FileHandler' driver.
INFO - 2023-04-23 16:17:29 --> Session: Class initialized using 'CodeIgniter\Session\Handlers\FileHandler' driver.
INFO - 2023-04-23 16:17:32 --> Session: Class initialized using 'CodeIgniter\Session\Handlers\FileHandler' driver.
INFO - 2023-04-23 16:17:52 --> Session: Class initialized using 'CodeIgniter\Session\Handlers\FileHandler' driver.
INFO - 2023-04-23 16:17:55 --> Session: Class initialized using 'CodeIgniter\Session\Handlers\FileHandler' driver.
INFO - 2023-04-23 16:18:51 --> Session: Class initialized using 'CodeIgniter\Session\Handlers\FileHandler' driver.
INFO - 2023-04-23 16:18:57 --> Session: Class initialized using 'CodeIgniter\Session\Handlers\FileHandler' driver.
INFO - 2023-04-23 16:19:45 --> Session: Class initialized using 'CodeIgniter\Session\Handlers\FileHandler' driver.
INFO - 2023-04-23 16:20:22 --> Session: Class initialized using 'CodeIgniter\Session\Handlers\FileHandler' driver.
INFO - 2023-04-23 16:20:38 --> Session: Class initialized using 'CodeIgniter\Session\Handlers\FileHandler' driver.
INFO - 2023-04-23 16:21:24 --> Session: Class initialized using 'CodeIgniter\Session\Handlers\FileHandler' driver.
INFO - 2023-04-23 16:21:42 --> Session: Class initialized using 'CodeIgniter\Session\Handlers\FileHandler' driver.
INFO - 2023-04-23 16:25:37 --> Session: Class initialized using 'CodeIgniter\Session\Handlers\FileHandler' driver.
ERROR - 2023-04-23 16:26:21 --> mysqli_sql_exception: Unknown column 'foto_toko' in 'field list' in C:\xampp\htdocs\SIGPDA\system\Database\MySQLi\Connection.php:295
Stack trace:
#0 C:\xampp\htdocs\SIGPDA\system\Database\MySQLi\Connection.php(295): mysqli->query('INSERT INTO `tb...', 0)
#1 C:\xampp\htdocs\SIGPDA\system\Database\BaseConnection.php(691): CodeIgniter\Database\MySQLi\Connection->execute('INSERT INTO `tb...')
#2 C:\xampp\htdocs\SIGPDA\system\Database\BaseConnection.php(605): CodeIgniter\Database\BaseConnection->simpleQuery('INSERT INTO `tb...')
#3 C:\xampp\htdocs\SIGPDA\system\Database\BaseBuilder.php(2309): CodeIgniter\Database\BaseConnection->query('INSERT INTO `tb...', Array, false)
#4 C:\xampp\htdocs\SIGPDA\app\Models\ModelUser.php(17): CodeIgniter\Database\BaseBuilder->insert(Array)
#5 C:\xampp\htdocs\SIGPDA\app\Controllers\DaftarPengguna.php(92): App\Models\ModelUser->InsertData(Array)
#6 C:\xampp\htdocs\SIGPDA\system\CodeIgniter.php(934): App\Controllers\DaftarPengguna->InsertData()
#7 C:\xampp\htdocs\SIGPDA\system\CodeIgniter.php(499): CodeIgniter\CodeIgniter->runController(Object(App\Controllers\DaftarPengguna))
#8 C:\xampp\htdocs\SIGPDA\system\CodeIgniter.php(368): CodeIgniter\CodeIgniter->handleRequest(NULL, Object(Config\Cache), false)
#9 C:\xampp\htdocs\SIGPDA\public\index.php(67): CodeIgniter\CodeIgniter->run()
#10 {main}
CRITICAL - 2023-04-23 16:26:22 --> Unknown column 'foto_toko' in 'field list'
in SYSTEMPATH\Database\MySQLi\Connection.php on line 295.
 1 SYSTEMPATH\Database\MySQLi\Connection.php(295): mysqli->query('INSERT INTO `tbl_user` (`username`, `email`, `password`, `id_role`, `foto_toko`) VALUES (\'admin2\', \'admin2@gmail.com\', \'1234\', \'2\', \'1682267181_0e860bb57388b0e8a72c.png\')', 0)
 2 SYSTEMPATH\Database\BaseConnection.php(691): CodeIgniter\Database\MySQLi\Connection->execute('INSERT INTO `tbl_user` (`username`, `email`, `password`, `id_role`, `foto_toko`) VALUES (\'admin2\', \'admin2@gmail.com\', \'1234\', \'2\', \'1682267181_0e860bb57388b0e8a72c.png\')')
 3 SYSTEMPATH\Database\BaseConnection.php(605): CodeIgniter\Database\BaseConnection->simpleQuery('INSERT INTO `tbl_user` (`username`, `email`, `password`, `id_role`, `foto_toko`) VALUES (\'admin2\', \'admin2@gmail.com\', \'1234\', \'2\', \'1682267181_0e860bb57388b0e8a72c.png\')')
 4 SYSTEMPATH\Database\BaseBuilder.php(2309): CodeIgniter\Database\BaseConnection->query('INSERT INTO `tbl_user` (`username`, `email`, `password`, `id_role`, `foto_toko`) VALUES (:username:, :email:, :password:, :id_role:, :foto_toko:)', [...], false)
 5 APPPATH\Models\ModelUser.php(17): CodeIgniter\Database\BaseBuilder->insert([...])
 6 APPPATH\Controllers\DaftarPengguna.php(92): App\Models\ModelUser->InsertData([...])
 7 SYSTEMPATH\CodeIgniter.php(934): App\Controllers\DaftarPengguna->InsertData()
 8 SYSTEMPATH\CodeIgniter.php(499): CodeIgniter\CodeIgniter->runController(Object(App\Controllers\DaftarPengguna))
 9 SYSTEMPATH\CodeIgniter.php(368): CodeIgniter\CodeIgniter->handleRequest(null, Object(Config\Cache), false)
10 FCPATH\index.php(67): CodeIgniter\CodeIgniter->run()
INFO - 2023-04-23 16:26:59 --> Session: Class initialized using 'CodeIgniter\Session\Handlers\FileHandler' driver.
INFO - 2023-04-23 16:27:00 --> Session: Class initialized using 'CodeIgniter\Session\Handlers\FileHandler' driver.
INFO - 2023-04-23 16:27:02 --> Session: Class initialized using 'CodeIgniter\Session\Handlers\FileHandler' driver.
INFO - 2023-04-23 16:27:06 --> Session: Class initialized using 'CodeIgniter\Session\Handlers\FileHandler' driver.
INFO - 2023-04-23 16:27:31 --> Session: Class initialized using 'CodeIgniter\Session\Handlers\FileHandler' driver.
INFO - 2023-04-23 16:27:31 --> Session: Class initialized using 'CodeIgniter\Session\Handlers\FileHandler' driver.
INFO - 2023-04-23 16:28:13 --> Session: Class initialized using 'CodeIgniter\Session\Handlers\FileHandler' driver.
INFO - 2023-04-23 16:28:18 --> Session: Class initialized using 'CodeIgniter\Session\Handlers\FileHandler' driver.
INFO - 2023-04-23 16:28:19 --> Session: Class initialized using 'CodeIgniter\Session\Handlers\FileHandler' driver.
INFO - 2023-04-23 16:28:21 --> Session: Class initialized using 'CodeIgniter\Session\Handlers\FileHandler' driver.
INFO - 2023-04-23 16:28:24 --> Session: Class initialized using 'CodeIgniter\Session\Handlers\FileHandler' driver.
INFO - 2023-04-23 16:28:52 --> Session: Class initialized using 'CodeIgniter\Session\Handlers\FileHandler' driver.
INFO - 2023-04-23 16:28:54 --> Session: Class initialized using 'CodeIgniter\Session\Handlers\FileHandler' driver.
INFO - 2023-04-23 16:28:57 --> Session: Class initialized using 'CodeIgniter\Session\Handlers\FileHandler' driver.
INFO - 2023-04-23 16:28:59 --> Session: Class initialized using 'CodeIgniter\Session\Handlers\FileHandler' driver.
INFO - 2023-04-23 16:29:03 --> Session: Class initialized using 'CodeIgniter\Session\Handlers\FileHandler' driver.
INFO - 2023-04-23 16:29:07 --> Session: Class initialized using 'CodeIgniter\Session\Handlers\FileHandler' driver.
INFO - 2023-04-23 16:29:14 --> Session: Class initialized using 'CodeIgniter\Session\Handlers\FileHandler' driver.
INFO - 2023-04-23 16:29:17 --> Session: Class initialized using 'CodeIgniter\Session\Handlers\FileHandler' driver.
INFO - 2023-04-23 16:29:36 --> Session: Class initialized using 'CodeIgniter\Session\Handlers\FileHandler' driver.
INFO - 2023-04-23 16:29:39 --> Session: Class initialized using 'CodeIgniter\Session\Handlers\FileHandler' driver.
INFO - 2023-04-23 16:31:23 --> Session: Class initialized using 'CodeIgniter\Session\Handlers\FileHandler' driver.
INFO - 2023-04-23 16:31:25 --> Session: Class initialized using 'CodeIgniter\Session\Handlers\FileHandler' driver.
INFO - 2023-04-23 16:32:14 --> Session: Class initialized using 'CodeIgniter\Session\Handlers\FileHandler' driver.
INFO - 2023-04-23 16:32:17 --> Session: Class initialized using 'CodeIgniter\Session\Handlers\FileHandler' driver.
INFO - 2023-04-23 16:33:05 --> Session: Class initialized using 'CodeIgniter\Session\Handlers\FileHandler' driver.
INFO - 2023-04-23 16:33:05 --> Session: Class initialized using 'CodeIgniter\Session\Handlers\FileHandler' driver.
INFO - 2023-04-23 16:33:12 --> Session: Class initialized using 'CodeIgniter\Session\Handlers\FileHandler' driver.
INFO - 2023-04-23 16:34:53 --> Session: Class initialized using 'CodeIgniter\Session\Handlers\FileHandler' driver.
INFO - 2023-04-23 16:35:06 --> Session: Class initialized using 'CodeIgniter\Session\Handlers\FileHandler' driver.
INFO - 2023-04-23 16:35:06 --> Session: Class initialized using 'CodeIgniter\Session\Handlers\FileHandler' driver.
INFO - 2023-04-23 16:35:45 --> Session: Class initialized using 'CodeIgniter\Session\Handlers\FileHandler' driver.
INFO - 2023-04-23 16:35:45 --> Session: Class initialized using 'CodeIgniter\Session\Handlers\FileHandler' driver.
INFO - 2023-04-23 16:35:52 --> Session: Class initialized using 'CodeIgniter\Session\Handlers\FileHandler' driver.
INFO - 2023-04-23 16:36:11 --> Session: Class initialized using 'CodeIgniter\Session\Handlers\FileHandler' driver.
INFO - 2023-04-23 16:36:31 --> Session: Class initialized using 'CodeIgniter\Session\Handlers\FileHandler' driver.
INFO - 2023-04-23 16:36:40 --> Session: Class initialized using 'CodeIgniter\Session\Handlers\FileHandler' driver.
INFO - 2023-04-23 16:36:45 --> Session: Class initialized using 'CodeIgniter\Session\Handlers\FileHandler' driver.
CRITICAL - 2023-04-23 16:41:27 --> Undefined variable: web
in APPPATH\Views\v_dashboard.php on line 115.
 1 APPPATH\Views\v_dashboard.php(115): CodeIgniter\Debug\Exceptions->errorHandler(8, 'Undefined variable: web', 'C:\\xampp\\htdocs\\SIGPDA\\app\\Views\\v_dashboard.php', 115, [...])
 2 SYSTEMPATH\View\View.php(213): include('C:\\xampp\\htdocs\\SIGPDA\\app\\Views\\v_dashboard.php')
 3 SYSTEMPATH\View\View.php(216): CodeIgniter\View\View->CodeIgniter\View\{closure}()
 4 SYSTEMPATH\Common.php(1184): CodeIgniter\View\View->render('v_dashboard', [], true)
 5 APPPATH\Views\v_template_back_end.php(253): view('v_dashboard')
 6 SYSTEMPATH\View\View.php(213): include('C:\\xampp\\htdocs\\SIGPDA\\app\\Views\\v_template_back_end.php')
 7 SYSTEMPATH\View\View.php(216): CodeIgniter\View\View->CodeIgniter\View\{closure}()
 8 SYSTEMPATH\Common.php(1184): CodeIgniter\View\View->render('v_template_back_end', [], true)
 9 APPPATH\Controllers\Admin.php(24): view('v_template_back_end', [...])
10 SYSTEMPATH\CodeIgniter.php(934): App\Controllers\Admin->index()
11 SYSTEMPATH\CodeIgniter.php(499): CodeIgniter\CodeIgniter->runController(Object(App\Controllers\Admin))
12 SYSTEMPATH\CodeIgniter.php(368): CodeIgniter\CodeIgniter->handleRequest(null, Object(Config\Cache), false)
13 FCPATH\index.php(67): CodeIgniter\CodeIgniter->run()
INFO - 2023-04-23 16:42:40 --> Session: Class initialized using 'CodeIgniter\Session\Handlers\FileHandler' driver.
INFO - 2023-04-23 16:43:35 --> Session: Class initialized using 'CodeIgniter\Session\Handlers\FileHandler' driver.
INFO - 2023-04-23 16:44:05 --> Session: Class initialized using 'CodeIgniter\Session\Handlers\FileHandler' driver.
INFO - 2023-04-23 16:44:13 --> Session: Class initialized using 'CodeIgniter\Session\Handlers\FileHandler' driver.
INFO - 2023-04-23 16:44:15 --> Session: Class initialized using 'CodeIgniter\Session\Handlers\FileHandler' driver.
