CRITICAL - 2023-04-10 14:24:54 --> Call to undefined function form_closen()
in APPPATH\Views\v_pengaturan.php on line 22.
 1 SYSTEMPATH\View\View.php(213): include()
 2 SYSTEMPATH\View\View.php(216): CodeIgniter\View\View->CodeIgniter\View\{closure}()
 3 SYSTEMPATH\Common.php(1184): CodeIgniter\View\View->render('v_pengaturan', [], true)
 4 APPPATH\Views\v_template_back_end.php(195): view('v_pengaturan')
 5 SYSTEMPATH\View\View.php(213): include('C:\\xampp\\htdocs\\SIGPDA\\app\\Views\\v_template_back_end.php')
 6 SYSTEMPATH\View\View.php(216): CodeIgniter\View\View->CodeIgniter\View\{closure}()
 7 SYSTEMPATH\Common.php(1184): CodeIgniter\View\View->render('v_template_back_end', [], true)
 8 APPPATH\Controllers\Admin.php(23): view('v_template_back_end', [...])
 9 SYSTEMPATH\CodeIgniter.php(934): App\Controllers\Admin->Pengaturan()
10 SYSTEMPATH\CodeIgniter.php(499): CodeIgniter\CodeIgniter->runController(Object(App\Controllers\Admin))
11 SYSTEMPATH\CodeIgniter.php(368): CodeIgniter\CodeIgniter->handleRequest(null, Object(Config\Cache), false)
12 FCPATH\index.php(67): CodeIgniter\CodeIgniter->run()
CRITICAL - 2023-04-10 14:25:01 --> Call to undefined function form_closen()
in APPPATH\Views\v_pengaturan.php on line 22.
 1 SYSTEMPATH\View\View.php(213): include()
 2 SYSTEMPATH\View\View.php(216): CodeIgniter\View\View->CodeIgniter\View\{closure}()
 3 SYSTEMPATH\Common.php(1184): CodeIgniter\View\View->render('v_pengaturan', [], true)
 4 APPPATH\Views\v_template_back_end.php(195): view('v_pengaturan')
 5 SYSTEMPATH\View\View.php(213): include('C:\\xampp\\htdocs\\SIGPDA\\app\\Views\\v_template_back_end.php')
 6 SYSTEMPATH\View\View.php(216): CodeIgniter\View\View->CodeIgniter\View\{closure}()
 7 SYSTEMPATH\Common.php(1184): CodeIgniter\View\View->render('v_template_back_end', [], true)
 8 APPPATH\Controllers\Admin.php(23): view('v_template_back_end', [...])
 9 SYSTEMPATH\CodeIgniter.php(934): App\Controllers\Admin->Pengaturan()
10 SYSTEMPATH\CodeIgniter.php(499): CodeIgniter\CodeIgniter->runController(Object(App\Controllers\Admin))
11 SYSTEMPATH\CodeIgniter.php(368): CodeIgniter\CodeIgniter->handleRequest(null, Object(Config\Cache), false)
12 FCPATH\index.php(67): CodeIgniter\CodeIgniter->run()
CRITICAL - 2023-04-10 14:25:06 --> Call to undefined function form_closen()
in APPPATH\Views\v_pengaturan.php on line 22.
 1 SYSTEMPATH\View\View.php(213): include()
 2 SYSTEMPATH\View\View.php(216): CodeIgniter\View\View->CodeIgniter\View\{closure}()
 3 SYSTEMPATH\Common.php(1184): CodeIgniter\View\View->render('v_pengaturan', [], true)
 4 APPPATH\Views\v_template_back_end.php(195): view('v_pengaturan')
 5 SYSTEMPATH\View\View.php(213): include('C:\\xampp\\htdocs\\SIGPDA\\app\\Views\\v_template_back_end.php')
 6 SYSTEMPATH\View\View.php(216): CodeIgniter\View\View->CodeIgniter\View\{closure}()
 7 SYSTEMPATH\Common.php(1184): CodeIgniter\View\View->render('v_template_back_end', [], true)
 8 APPPATH\Controllers\Admin.php(23): view('v_template_back_end', [...])
 9 SYSTEMPATH\CodeIgniter.php(934): App\Controllers\Admin->Pengaturan()
10 SYSTEMPATH\CodeIgniter.php(499): CodeIgniter\CodeIgniter->runController(Object(App\Controllers\Admin))
11 SYSTEMPATH\CodeIgniter.php(368): CodeIgniter\CodeIgniter->handleRequest(null, Object(Config\Cache), false)
12 FCPATH\index.php(67): CodeIgniter\CodeIgniter->run()
CRITICAL - 2023-04-10 14:25:07 --> Call to undefined function form_closen()
in APPPATH\Views\v_pengaturan.php on line 22.
 1 SYSTEMPATH\View\View.php(213): include()
 2 SYSTEMPATH\View\View.php(216): CodeIgniter\View\View->CodeIgniter\View\{closure}()
 3 SYSTEMPATH\Common.php(1184): CodeIgniter\View\View->render('v_pengaturan', [], true)
 4 APPPATH\Views\v_template_back_end.php(195): view('v_pengaturan')
 5 SYSTEMPATH\View\View.php(213): include('C:\\xampp\\htdocs\\SIGPDA\\app\\Views\\v_template_back_end.php')
 6 SYSTEMPATH\View\View.php(216): CodeIgniter\View\View->CodeIgniter\View\{closure}()
 7 SYSTEMPATH\Common.php(1184): CodeIgniter\View\View->render('v_template_back_end', [], true)
 8 APPPATH\Controllers\Admin.php(23): view('v_template_back_end', [...])
 9 SYSTEMPATH\CodeIgniter.php(934): App\Controllers\Admin->Pengaturan()
10 SYSTEMPATH\CodeIgniter.php(499): CodeIgniter\CodeIgniter->runController(Object(App\Controllers\Admin))
11 SYSTEMPATH\CodeIgniter.php(368): CodeIgniter\CodeIgniter->handleRequest(null, Object(Config\Cache), false)
12 FCPATH\index.php(67): CodeIgniter\CodeIgniter->run()
CRITICAL - 2023-04-10 14:25:13 --> Call to undefined function form_closen()
in APPPATH\Views\v_pengaturan.php on line 22.
 1 SYSTEMPATH\View\View.php(213): include()
 2 SYSTEMPATH\View\View.php(216): CodeIgniter\View\View->CodeIgniter\View\{closure}()
 3 SYSTEMPATH\Common.php(1184): CodeIgniter\View\View->render('v_pengaturan', [], true)
 4 APPPATH\Views\v_template_back_end.php(195): view('v_pengaturan')
 5 SYSTEMPATH\View\View.php(213): include('C:\\xampp\\htdocs\\SIGPDA\\app\\Views\\v_template_back_end.php')
 6 SYSTEMPATH\View\View.php(216): CodeIgniter\View\View->CodeIgniter\View\{closure}()
 7 SYSTEMPATH\Common.php(1184): CodeIgniter\View\View->render('v_template_back_end', [], true)
 8 APPPATH\Controllers\Admin.php(23): view('v_template_back_end', [...])
 9 SYSTEMPATH\CodeIgniter.php(934): App\Controllers\Admin->Pengaturan()
10 SYSTEMPATH\CodeIgniter.php(499): CodeIgniter\CodeIgniter->runController(Object(App\Controllers\Admin))
11 SYSTEMPATH\CodeIgniter.php(368): CodeIgniter\CodeIgniter->handleRequest(null, Object(Config\Cache), false)
12 FCPATH\index.php(67): CodeIgniter\CodeIgniter->run()
CRITICAL - 2023-04-10 14:25:17 --> Call to undefined function form_closen()
in APPPATH\Views\v_pengaturan.php on line 22.
 1 SYSTEMPATH\View\View.php(213): include()
 2 SYSTEMPATH\View\View.php(216): CodeIgniter\View\View->CodeIgniter\View\{closure}()
 3 SYSTEMPATH\Common.php(1184): CodeIgniter\View\View->render('v_pengaturan', [], true)
 4 APPPATH\Views\v_template_back_end.php(195): view('v_pengaturan')
 5 SYSTEMPATH\View\View.php(213): include('C:\\xampp\\htdocs\\SIGPDA\\app\\Views\\v_template_back_end.php')
 6 SYSTEMPATH\View\View.php(216): CodeIgniter\View\View->CodeIgniter\View\{closure}()
 7 SYSTEMPATH\Common.php(1184): CodeIgniter\View\View->render('v_template_back_end', [], true)
 8 APPPATH\Controllers\Admin.php(23): view('v_template_back_end', [...])
 9 SYSTEMPATH\CodeIgniter.php(934): App\Controllers\Admin->Pengaturan()
10 SYSTEMPATH\CodeIgniter.php(499): CodeIgniter\CodeIgniter->runController(Object(App\Controllers\Admin))
11 SYSTEMPATH\CodeIgniter.php(368): CodeIgniter\CodeIgniter->handleRequest(null, Object(Config\Cache), false)
12 FCPATH\index.php(67): CodeIgniter\CodeIgniter->run()
CRITICAL - 2023-04-10 15:07:55 --> Invalid argument supplied for foreach()
in APPPATH\Views\v_pengaturan.php on line 43.
 1 APPPATH\Views\v_pengaturan.php(43): CodeIgniter\Debug\Exceptions->errorHandler(2, 'Invalid argument supplied for foreach()', 'C:\\xampp\\htdocs\\SIGPDA\\app\\Views\\v_pengaturan.php', 43, [...])
 2 SYSTEMPATH\View\View.php(213): include('C:\\xampp\\htdocs\\SIGPDA\\app\\Views\\v_pengaturan.php')
 3 SYSTEMPATH\View\View.php(216): CodeIgniter\View\View->CodeIgniter\View\{closure}()
 4 SYSTEMPATH\Common.php(1184): CodeIgniter\View\View->render('v_pengaturan', [], true)
 5 APPPATH\Views\v_template_back_end.php(196): view('v_pengaturan')
 6 SYSTEMPATH\View\View.php(213): include('C:\\xampp\\htdocs\\SIGPDA\\app\\Views\\v_template_back_end.php')
 7 SYSTEMPATH\View\View.php(216): CodeIgniter\View\View->CodeIgniter\View\{closure}()
 8 SYSTEMPATH\Common.php(1184): CodeIgniter\View\View->render('v_template_back_end', [], true)
 9 APPPATH\Controllers\Admin.php(23): view('v_template_back_end', [...])
10 SYSTEMPATH\CodeIgniter.php(934): App\Controllers\Admin->Pengaturan()
11 SYSTEMPATH\CodeIgniter.php(499): CodeIgniter\CodeIgniter->runController(Object(App\Controllers\Admin))
12 SYSTEMPATH\CodeIgniter.php(368): CodeIgniter\CodeIgniter->handleRequest(null, Object(Config\Cache), false)
13 FCPATH\index.php(67): CodeIgniter\CodeIgniter->run()
CRITICAL - 2023-04-10 17:13:26 --> Invalid argument supplied for foreach()
in APPPATH\Views\v_pengaturan.php on line 53.
 1 APPPATH\Views\v_pengaturan.php(53): CodeIgniter\Debug\Exceptions->errorHandler(2, 'Invalid argument supplied for foreach()', 'C:\\xampp\\htdocs\\SIGPDA\\app\\Views\\v_pengaturan.php', 53, [...])
 2 SYSTEMPATH\View\View.php(213): include('C:\\xampp\\htdocs\\SIGPDA\\app\\Views\\v_pengaturan.php')
 3 SYSTEMPATH\View\View.php(216): CodeIgniter\View\View->CodeIgniter\View\{closure}()
 4 SYSTEMPATH\Common.php(1184): CodeIgniter\View\View->render('v_pengaturan', [], true)
 5 APPPATH\Views\v_template_back_end.php(196): view('v_pengaturan')
 6 SYSTEMPATH\View\View.php(213): include('C:\\xampp\\htdocs\\SIGPDA\\app\\Views\\v_template_back_end.php')
 7 SYSTEMPATH\View\View.php(216): CodeIgniter\View\View->CodeIgniter\View\{closure}()
 8 SYSTEMPATH\Common.php(1184): CodeIgniter\View\View->render('v_template_back_end', [], true)
 9 APPPATH\Controllers\Admin.php(34): view('v_template_back_end', [...])
10 SYSTEMPATH\CodeIgniter.php(934): App\Controllers\Admin->Pengaturan()
11 SYSTEMPATH\CodeIgniter.php(499): CodeIgniter\CodeIgniter->runController(Object(App\Controllers\Admin))
12 SYSTEMPATH\CodeIgniter.php(368): CodeIgniter\CodeIgniter->handleRequest(null, Object(Config\Cache), false)
13 FCPATH\index.php(67): CodeIgniter\CodeIgniter->run()
CRITICAL - 2023-04-10 17:16:59 --> Invalid argument supplied for foreach()
in APPPATH\Views\v_pengaturan.php on line 53.
 1 APPPATH\Views\v_pengaturan.php(53): CodeIgniter\Debug\Exceptions->errorHandler(2, 'Invalid argument supplied for foreach()', 'C:\\xampp\\htdocs\\SIGPDA\\app\\Views\\v_pengaturan.php', 53, [...])
 2 SYSTEMPATH\View\View.php(213): include('C:\\xampp\\htdocs\\SIGPDA\\app\\Views\\v_pengaturan.php')
 3 SYSTEMPATH\View\View.php(216): CodeIgniter\View\View->CodeIgniter\View\{closure}()
 4 SYSTEMPATH\Common.php(1184): CodeIgniter\View\View->render('v_pengaturan', [], true)
 5 APPPATH\Views\v_template_back_end.php(196): view('v_pengaturan')
 6 SYSTEMPATH\View\View.php(213): include('C:\\xampp\\htdocs\\SIGPDA\\app\\Views\\v_template_back_end.php')
 7 SYSTEMPATH\View\View.php(216): CodeIgniter\View\View->CodeIgniter\View\{closure}()
 8 SYSTEMPATH\Common.php(1184): CodeIgniter\View\View->render('v_template_back_end', [], true)
 9 APPPATH\Controllers\Admin.php(34): view('v_template_back_end', [...])
10 SYSTEMPATH\CodeIgniter.php(934): App\Controllers\Admin->Pengaturan()
11 SYSTEMPATH\CodeIgniter.php(499): CodeIgniter\CodeIgniter->runController(Object(App\Controllers\Admin))
12 SYSTEMPATH\CodeIgniter.php(368): CodeIgniter\CodeIgniter->handleRequest(null, Object(Config\Cache), false)
13 FCPATH\index.php(67): CodeIgniter\CodeIgniter->run()
CRITICAL - 2023-04-10 17:48:56 --> Invalid argument supplied for foreach()
in APPPATH\Views\v_pengaturan.php on line 53.
 1 APPPATH\Views\v_pengaturan.php(53): CodeIgniter\Debug\Exceptions->errorHandler(2, 'Invalid argument supplied for foreach()', 'C:\\xampp\\htdocs\\SIGPDA\\app\\Views\\v_pengaturan.php', 53, [...])
 2 SYSTEMPATH\View\View.php(213): include('C:\\xampp\\htdocs\\SIGPDA\\app\\Views\\v_pengaturan.php')
 3 SYSTEMPATH\View\View.php(216): CodeIgniter\View\View->CodeIgniter\View\{closure}()
 4 SYSTEMPATH\Common.php(1184): CodeIgniter\View\View->render('v_pengaturan', [], true)
 5 APPPATH\Views\v_template_back_end.php(196): view('v_pengaturan')
 6 SYSTEMPATH\View\View.php(213): include('C:\\xampp\\htdocs\\SIGPDA\\app\\Views\\v_template_back_end.php')
 7 SYSTEMPATH\View\View.php(216): CodeIgniter\View\View->CodeIgniter\View\{closure}()
 8 SYSTEMPATH\Common.php(1184): CodeIgniter\View\View->render('v_template_back_end', [], true)
 9 APPPATH\Controllers\Admin.php(34): view('v_template_back_end', [...])
10 SYSTEMPATH\CodeIgniter.php(934): App\Controllers\Admin->Pengaturan()
11 SYSTEMPATH\CodeIgniter.php(499): CodeIgniter\CodeIgniter->runController(Object(App\Controllers\Admin))
12 SYSTEMPATH\CodeIgniter.php(368): CodeIgniter\CodeIgniter->handleRequest(null, Object(Config\Cache), false)
13 FCPATH\index.php(67): CodeIgniter\CodeIgniter->run()
CRITICAL - 2023-04-10 17:49:01 --> Invalid argument supplied for foreach()
in APPPATH\Views\v_pengaturan.php on line 53.
 1 APPPATH\Views\v_pengaturan.php(53): CodeIgniter\Debug\Exceptions->errorHandler(2, 'Invalid argument supplied for foreach()', 'C:\\xampp\\htdocs\\SIGPDA\\app\\Views\\v_pengaturan.php', 53, [...])
 2 SYSTEMPATH\View\View.php(213): include('C:\\xampp\\htdocs\\SIGPDA\\app\\Views\\v_pengaturan.php')
 3 SYSTEMPATH\View\View.php(216): CodeIgniter\View\View->CodeIgniter\View\{closure}()
 4 SYSTEMPATH\Common.php(1184): CodeIgniter\View\View->render('v_pengaturan', [], true)
 5 APPPATH\Views\v_template_back_end.php(196): view('v_pengaturan')
 6 SYSTEMPATH\View\View.php(213): include('C:\\xampp\\htdocs\\SIGPDA\\app\\Views\\v_template_back_end.php')
 7 SYSTEMPATH\View\View.php(216): CodeIgniter\View\View->CodeIgniter\View\{closure}()
 8 SYSTEMPATH\Common.php(1184): CodeIgniter\View\View->render('v_template_back_end', [], true)
 9 APPPATH\Controllers\Admin.php(34): view('v_template_back_end', [...])
10 SYSTEMPATH\CodeIgniter.php(934): App\Controllers\Admin->Pengaturan()
11 SYSTEMPATH\CodeIgniter.php(499): CodeIgniter\CodeIgniter->runController(Object(App\Controllers\Admin))
12 SYSTEMPATH\CodeIgniter.php(368): CodeIgniter\CodeIgniter->handleRequest(null, Object(Config\Cache), false)
13 FCPATH\index.php(67): CodeIgniter\CodeIgniter->run()
