CRITICAL - 2023-04-13 09:16:54 --> Illegal string offset 'nama_wilayah'
in APPPATH\Views\wilayah\v_index.php on line 35.
 1 APPPATH\Views\wilayah\v_index.php(35): CodeIgniter\Debug\Exceptions->errorHandler(2, 'Illegal string offset \'nama_wilayah\'', 'C:\\xampp\\htdocs\\SIGPDA\\app\\Views\\wilayah\\v_index.php', 35, [...])
 2 SYSTEMPATH\View\View.php(213): include('C:\\xampp\\htdocs\\SIGPDA\\app\\Views\\wilayah\\v_index.php')
 3 SYSTEMPATH\View\View.php(216): CodeIgniter\View\View->CodeIgniter\View\{closure}()
 4 SYSTEMPATH\Common.php(1184): CodeIgniter\View\View->render('wilayah/v_index', [], true)
 5 APPPATH\Views\v_template_back_end.php(237): view('wilayah/v_index')
 6 SYSTEMPATH\View\View.php(213): include('C:\\xampp\\htdocs\\SIGPDA\\app\\Views\\v_template_back_end.php')
 7 SYSTEMPATH\View\View.php(216): CodeIgniter\View\View->CodeIgniter\View\{closure}()
 8 SYSTEMPATH\Common.php(1184): CodeIgniter\View\View->render('v_template_back_end', [], true)
 9 APPPATH\Controllers\Wilayah.php(24): view('v_template_back_end', [...])
10 SYSTEMPATH\CodeIgniter.php(934): App\Controllers\Wilayah->index()
11 SYSTEMPATH\CodeIgniter.php(499): CodeIgniter\CodeIgniter->runController(Object(App\Controllers\Wilayah))
12 SYSTEMPATH\CodeIgniter.php(368): CodeIgniter\CodeIgniter->handleRequest(null, Object(Config\Cache), false)
13 FCPATH\index.php(67): CodeIgniter\CodeIgniter->run()
INFO - 2023-04-13 09:58:52 --> Session: Class initialized using 'CodeIgniter\Session\Handlers\FileHandler' driver.
INFO - 2023-04-13 09:59:27 --> Session: Class initialized using 'CodeIgniter\Session\Handlers\FileHandler' driver.
CRITICAL - 2023-04-13 10:14:19 --> syntax error, unexpected ')', expecting ';' or ','
in APPPATH\Views\wilayah\v_index.php on line 83.
 1 SYSTEMPATH\View\View.php(216): CodeIgniter\View\View->CodeIgniter\View\{closure}()
 2 SYSTEMPATH\Common.php(1184): CodeIgniter\View\View->render('wilayah/v_index', [], true)
 3 APPPATH\Views\v_template_back_end.php(237): view('wilayah/v_index')
 4 SYSTEMPATH\View\View.php(213): include('C:\\xampp\\htdocs\\SIGPDA\\app\\Views\\v_template_back_end.php')
 5 SYSTEMPATH\View\View.php(216): CodeIgniter\View\View->CodeIgniter\View\{closure}()
 6 SYSTEMPATH\Common.php(1184): CodeIgniter\View\View->render('v_template_back_end', [], true)
 7 APPPATH\Controllers\Wilayah.php(27): view('v_template_back_end', [...])
 8 SYSTEMPATH\CodeIgniter.php(934): App\Controllers\Wilayah->index()
 9 SYSTEMPATH\CodeIgniter.php(499): CodeIgniter\CodeIgniter->runController(Object(App\Controllers\Wilayah))
10 SYSTEMPATH\CodeIgniter.php(368): CodeIgniter\CodeIgniter->handleRequest(null, Object(Config\Cache), false)
11 FCPATH\index.php(67): CodeIgniter\CodeIgniter->run()
CRITICAL - 2023-04-13 10:16:32 --> Undefined index: 
in APPPATH\Views\wilayah\v_index.php on line 83.
 1 APPPATH\Views\wilayah\v_index.php(83): CodeIgniter\Debug\Exceptions->errorHandler(8, 'Undefined index: ', 'C:\\xampp\\htdocs\\SIGPDA\\app\\Views\\wilayah\\v_index.php', 83, [...])
 2 SYSTEMPATH\View\View.php(213): include('C:\\xampp\\htdocs\\SIGPDA\\app\\Views\\wilayah\\v_index.php')
 3 SYSTEMPATH\View\View.php(216): CodeIgniter\View\View->CodeIgniter\View\{closure}()
 4 SYSTEMPATH\Common.php(1184): CodeIgniter\View\View->render('wilayah/v_index', [], true)
 5 APPPATH\Views\v_template_back_end.php(237): view('wilayah/v_index')
 6 SYSTEMPATH\View\View.php(213): include('C:\\xampp\\htdocs\\SIGPDA\\app\\Views\\v_template_back_end.php')
 7 SYSTEMPATH\View\View.php(216): CodeIgniter\View\View->CodeIgniter\View\{closure}()
 8 SYSTEMPATH\Common.php(1184): CodeIgniter\View\View->render('v_template_back_end', [], true)
 9 APPPATH\Controllers\Wilayah.php(27): view('v_template_back_end', [...])
10 SYSTEMPATH\CodeIgniter.php(934): App\Controllers\Wilayah->index()
11 SYSTEMPATH\CodeIgniter.php(499): CodeIgniter\CodeIgniter->runController(Object(App\Controllers\Wilayah))
12 SYSTEMPATH\CodeIgniter.php(368): CodeIgniter\CodeIgniter->handleRequest(null, Object(Config\Cache), false)
13 FCPATH\index.php(67): CodeIgniter\CodeIgniter->run()
CRITICAL - 2023-04-13 10:16:35 --> Undefined index: 
in APPPATH\Views\wilayah\v_index.php on line 83.
 1 APPPATH\Views\wilayah\v_index.php(83): CodeIgniter\Debug\Exceptions->errorHandler(8, 'Undefined index: ', 'C:\\xampp\\htdocs\\SIGPDA\\app\\Views\\wilayah\\v_index.php', 83, [...])
 2 SYSTEMPATH\View\View.php(213): include('C:\\xampp\\htdocs\\SIGPDA\\app\\Views\\wilayah\\v_index.php')
 3 SYSTEMPATH\View\View.php(216): CodeIgniter\View\View->CodeIgniter\View\{closure}()
 4 SYSTEMPATH\Common.php(1184): CodeIgniter\View\View->render('wilayah/v_index', [], true)
 5 APPPATH\Views\v_template_back_end.php(237): view('wilayah/v_index')
 6 SYSTEMPATH\View\View.php(213): include('C:\\xampp\\htdocs\\SIGPDA\\app\\Views\\v_template_back_end.php')
 7 SYSTEMPATH\View\View.php(216): CodeIgniter\View\View->CodeIgniter\View\{closure}()
 8 SYSTEMPATH\Common.php(1184): CodeIgniter\View\View->render('v_template_back_end', [], true)
 9 APPPATH\Controllers\Wilayah.php(27): view('v_template_back_end', [...])
10 SYSTEMPATH\CodeIgniter.php(934): App\Controllers\Wilayah->index()
11 SYSTEMPATH\CodeIgniter.php(499): CodeIgniter\CodeIgniter->runController(Object(App\Controllers\Wilayah))
12 SYSTEMPATH\CodeIgniter.php(368): CodeIgniter\CodeIgniter->handleRequest(null, Object(Config\Cache), false)
13 FCPATH\index.php(67): CodeIgniter\CodeIgniter->run()
CRITICAL - 2023-04-13 10:16:49 --> Undefined index: 
in APPPATH\Views\wilayah\v_index.php on line 83.
 1 APPPATH\Views\wilayah\v_index.php(83): CodeIgniter\Debug\Exceptions->errorHandler(8, 'Undefined index: ', 'C:\\xampp\\htdocs\\SIGPDA\\app\\Views\\wilayah\\v_index.php', 83, [...])
 2 SYSTEMPATH\View\View.php(213): include('C:\\xampp\\htdocs\\SIGPDA\\app\\Views\\wilayah\\v_index.php')
 3 SYSTEMPATH\View\View.php(216): CodeIgniter\View\View->CodeIgniter\View\{closure}()
 4 SYSTEMPATH\Common.php(1184): CodeIgniter\View\View->render('wilayah/v_index', [], true)
 5 APPPATH\Views\v_template_back_end.php(237): view('wilayah/v_index')
 6 SYSTEMPATH\View\View.php(213): include('C:\\xampp\\htdocs\\SIGPDA\\app\\Views\\v_template_back_end.php')
 7 SYSTEMPATH\View\View.php(216): CodeIgniter\View\View->CodeIgniter\View\{closure}()
 8 SYSTEMPATH\Common.php(1184): CodeIgniter\View\View->render('v_template_back_end', [], true)
 9 APPPATH\Controllers\Wilayah.php(27): view('v_template_back_end', [...])
10 SYSTEMPATH\CodeIgniter.php(934): App\Controllers\Wilayah->index()
11 SYSTEMPATH\CodeIgniter.php(499): CodeIgniter\CodeIgniter->runController(Object(App\Controllers\Wilayah))
12 SYSTEMPATH\CodeIgniter.php(368): CodeIgniter\CodeIgniter->handleRequest(null, Object(Config\Cache), false)
13 FCPATH\index.php(67): CodeIgniter\CodeIgniter->run()
CRITICAL - 2023-04-13 10:16:53 --> Undefined index: 
in APPPATH\Views\wilayah\v_index.php on line 83.
 1 APPPATH\Views\wilayah\v_index.php(83): CodeIgniter\Debug\Exceptions->errorHandler(8, 'Undefined index: ', 'C:\\xampp\\htdocs\\SIGPDA\\app\\Views\\wilayah\\v_index.php', 83, [...])
 2 SYSTEMPATH\View\View.php(213): include('C:\\xampp\\htdocs\\SIGPDA\\app\\Views\\wilayah\\v_index.php')
 3 SYSTEMPATH\View\View.php(216): CodeIgniter\View\View->CodeIgniter\View\{closure}()
 4 SYSTEMPATH\Common.php(1184): CodeIgniter\View\View->render('wilayah/v_index', [], true)
 5 APPPATH\Views\v_template_back_end.php(237): view('wilayah/v_index')
 6 SYSTEMPATH\View\View.php(213): include('C:\\xampp\\htdocs\\SIGPDA\\app\\Views\\v_template_back_end.php')
 7 SYSTEMPATH\View\View.php(216): CodeIgniter\View\View->CodeIgniter\View\{closure}()
 8 SYSTEMPATH\Common.php(1184): CodeIgniter\View\View->render('v_template_back_end', [], true)
 9 APPPATH\Controllers\Wilayah.php(27): view('v_template_back_end', [...])
10 SYSTEMPATH\CodeIgniter.php(934): App\Controllers\Wilayah->index()
11 SYSTEMPATH\CodeIgniter.php(499): CodeIgniter\CodeIgniter->runController(Object(App\Controllers\Wilayah))
12 SYSTEMPATH\CodeIgniter.php(368): CodeIgniter\CodeIgniter->handleRequest(null, Object(Config\Cache), false)
13 FCPATH\index.php(67): CodeIgniter\CodeIgniter->run()
CRITICAL - 2023-04-13 10:18:40 --> Undefined index: 
in APPPATH\Views\wilayah\v_index.php on line 83.
 1 APPPATH\Views\wilayah\v_index.php(83): CodeIgniter\Debug\Exceptions->errorHandler(8, 'Undefined index: ', 'C:\\xampp\\htdocs\\SIGPDA\\app\\Views\\wilayah\\v_index.php', 83, [...])
 2 SYSTEMPATH\View\View.php(213): include('C:\\xampp\\htdocs\\SIGPDA\\app\\Views\\wilayah\\v_index.php')
 3 SYSTEMPATH\View\View.php(216): CodeIgniter\View\View->CodeIgniter\View\{closure}()
 4 SYSTEMPATH\Common.php(1184): CodeIgniter\View\View->render('wilayah/v_index', [], true)
 5 APPPATH\Views\v_template_back_end.php(237): view('wilayah/v_index')
 6 SYSTEMPATH\View\View.php(213): include('C:\\xampp\\htdocs\\SIGPDA\\app\\Views\\v_template_back_end.php')
 7 SYSTEMPATH\View\View.php(216): CodeIgniter\View\View->CodeIgniter\View\{closure}()
 8 SYSTEMPATH\Common.php(1184): CodeIgniter\View\View->render('v_template_back_end', [], true)
 9 APPPATH\Controllers\Wilayah.php(27): view('v_template_back_end', [...])
10 SYSTEMPATH\CodeIgniter.php(934): App\Controllers\Wilayah->index()
11 SYSTEMPATH\CodeIgniter.php(499): CodeIgniter\CodeIgniter->runController(Object(App\Controllers\Wilayah))
12 SYSTEMPATH\CodeIgniter.php(368): CodeIgniter\CodeIgniter->handleRequest(null, Object(Config\Cache), false)
13 FCPATH\index.php(67): CodeIgniter\CodeIgniter->run()
INFO - 2023-04-13 10:21:03 --> Session: Class initialized using 'CodeIgniter\Session\Handlers\FileHandler' driver.
INFO - 2023-04-13 10:21:21 --> Session: Class initialized using 'CodeIgniter\Session\Handlers\FileHandler' driver.
INFO - 2023-04-13 10:21:26 --> Session: Class initialized using 'CodeIgniter\Session\Handlers\FileHandler' driver.
INFO - 2023-04-13 10:21:26 --> Session: Class initialized using 'CodeIgniter\Session\Handlers\FileHandler' driver.
INFO - 2023-04-13 10:21:31 --> Session: Class initialized using 'CodeIgniter\Session\Handlers\FileHandler' driver.
INFO - 2023-04-13 10:21:31 --> Session: Class initialized using 'CodeIgniter\Session\Handlers\FileHandler' driver.
INFO - 2023-04-13 10:21:39 --> Session: Class initialized using 'CodeIgniter\Session\Handlers\FileHandler' driver.
INFO - 2023-04-13 10:21:43 --> Session: Class initialized using 'CodeIgniter\Session\Handlers\FileHandler' driver.
INFO - 2023-04-13 10:21:43 --> Session: Class initialized using 'CodeIgniter\Session\Handlers\FileHandler' driver.
INFO - 2023-04-13 10:21:54 --> Session: Class initialized using 'CodeIgniter\Session\Handlers\FileHandler' driver.
INFO - 2023-04-13 10:21:57 --> Session: Class initialized using 'CodeIgniter\Session\Handlers\FileHandler' driver.
INFO - 2023-04-13 10:21:58 --> Session: Class initialized using 'CodeIgniter\Session\Handlers\FileHandler' driver.
INFO - 2023-04-13 10:40:29 --> Session: Class initialized using 'CodeIgniter\Session\Handlers\FileHandler' driver.
INFO - 2023-04-13 10:40:33 --> Session: Class initialized using 'CodeIgniter\Session\Handlers\FileHandler' driver.
INFO - 2023-04-13 10:40:33 --> Session: Class initialized using 'CodeIgniter\Session\Handlers\FileHandler' driver.
INFO - 2023-04-13 10:48:13 --> Session: Class initialized using 'CodeIgniter\Session\Handlers\FileHandler' driver.
INFO - 2023-04-13 11:17:16 --> Session: Class initialized using 'CodeIgniter\Session\Handlers\FileHandler' driver.
INFO - 2023-04-13 11:46:54 --> Session: Class initialized using 'CodeIgniter\Session\Handlers\FileHandler' driver.
INFO - 2023-04-13 11:53:40 --> Session: Class initialized using 'CodeIgniter\Session\Handlers\FileHandler' driver.
INFO - 2023-04-13 11:54:19 --> Session: Class initialized using 'CodeIgniter\Session\Handlers\FileHandler' driver.
INFO - 2023-04-13 11:54:49 --> Session: Class initialized using 'CodeIgniter\Session\Handlers\FileHandler' driver.
